<?xml version="1.0" encoding="UTF-8"?>
<!-- Generated by org.testng.reporters.JUnitXMLReporter -->
<testsuite ignored="0" hostname="LAPTOP-EJ9TPUS5" failures="0" tests="4" name="Default test" time="8.522" errors="0" timestamp="07 Mar 2025 06:03:14 GMT">
  <testcase classname="api.test.UserTests" name="testPostUser" time="2.42"/>
  <testcase classname="api.test.UserTests" name="testgetUser" time="1.418"/>
  <testcase classname="api.test.UserTests" name="testUpdateUser" time="2.699"/>
  <testcase classname="api.test.UserTests" name="testdeleteUser" time="1.326"/>
</testsuite> <!-- Default test -->
