<?xml version="1.0" encoding="UTF-8"?>
<!-- Generated by org.testng.reporters.JUnitXMLReporter -->
<testsuite ignored="0" hostname="LAPTOP-EJ9TPUS5" failures="0" tests="4" name="Test" time="12.179" errors="0" timestamp="06 Mar 2025 18:34:46 GMT">
  <testcase classname="api.test.UserTests" name="testPostUser" time="2.91"/>
  <testcase classname="api.test.UserTests" name="testgetUser" time="2.357"/>
  <testcase classname="api.test.UserTests" name="testUpdateUser" time="3.982"/>
  <testcase classname="api.test.UserTests" name="testdeleteUser" time="2.106"/>
</testsuite> <!-- Test -->
