<?xml version="1.0" encoding="UTF-8"?>
<testng-results ignored="0" total="4" passed="4" failed="0" skipped="0">
  <reporter-output>
  </reporter-output>
  <suite started-at="2025-03-07T06:03:30Z" name="Suite" finished-at="2025-03-07T06:03:38Z" duration-ms="8528">
    <groups>
    </groups>
    <test started-at="2025-03-07T06:03:30Z" name="Test" finished-at="2025-03-07T06:03:38Z" duration-ms="8528">
      <class name="api.test.UserTests">
        <test-method is-config="true" signature="setupData()[pri:0, instance:api.test.UserTests@97e93f1]" started-at="2025-03-07T06:03:30Z" name="setupData" finished-at="2025-03-07T06:03:30Z" duration-ms="612" status="PASS">
          <reporter-output>
          </reporter-output>
        </test-method> <!-- setupData -->
        <test-method signature="testPostUser()[pri:1, instance:api.test.UserTests@97e93f1]" started-at="2025-03-07T06:03:30Z" name="testPostUser" finished-at="2025-03-07T06:03:33Z" duration-ms="2464" status="PASS">
          <reporter-output>
          </reporter-output>
        </test-method> <!-- testPostUser -->
        <test-method signature="testgetUser()[pri:2, instance:api.test.UserTests@97e93f1]" started-at="2025-03-07T06:03:33Z" name="testgetUser" finished-at="2025-03-07T06:03:34Z" duration-ms="1361" status="PASS">
          <reporter-output>
          </reporter-output>
        </test-method> <!-- testgetUser -->
        <test-method signature="testUpdateUser()[pri:3, instance:api.test.UserTests@97e93f1]" started-at="2025-03-07T06:03:34Z" name="testUpdateUser" finished-at="2025-03-07T06:03:37Z" duration-ms="2651" status="PASS">
          <reporter-output>
          </reporter-output>
        </test-method> <!-- testUpdateUser -->
        <test-method signature="testdeleteUser()[pri:4, instance:api.test.UserTests@97e93f1]" started-at="2025-03-07T06:03:37Z" name="testdeleteUser" finished-at="2025-03-07T06:03:38Z" duration-ms="1297" status="PASS">
          <reporter-output>
          </reporter-output>
        </test-method> <!-- testdeleteUser -->
      </class> <!-- api.test.UserTests -->
    </test> <!-- Test -->
  </suite> <!-- Suite -->
</testng-results>
