<?xml version="1.0" encoding="UTF-8"?>
<testsuite xmlns:xsi="http://www.w3.org/2001/XMLSchema-instance" xsi:noNamespaceSchemaLocation="https://maven.apache.org/surefire/maven-surefire-plugin/xsd/surefire-test-report-3.0.xsd" version="3.0" name="TestSuite" time="9.519" tests="4" errors="0" skipped="0" failures="0">
  <properties>
[...]
</properties>
  <testcase name="testPostUser" classname="api.test.UserTests" time="2.477">
    <system-out><![CDATA[[TestNGContentHandler] [WARN] It is strongly recommended to add "<!DOCTYPE suite SYSTEM "http://testng.org/testng-1.0.dtd" >" at the top of your file, otherwise TestNG may fail or not work as expected.
{
    "code": 200,
    "type": "unknown",
    "message": "836427078"
}
]]></system-out>
  </testcase>
  <testcase name="testgetUser" classname="api.test.UserTests" time="1.362">
    <system-out><![CDATA[HTTP/1.1 404 Not Found
Date: Fri, 07 Mar 2025 06:03:34 GMT
Content-Type: application/json
Transfer-Encoding: chunked
Connection: keep-alive
Access-Control-Allow-Origin: *
Access-Control-Allow-Methods: GET, POST, DELETE, PUT
Access-Control-Allow-Headers: Content-Type, api_key, Authorization
Server: Jetty(9.2.9.v20150224)

{
    "code": 1,
    "type": "error",
    "message": "User not found"
}
]]></system-out>
  </testcase>
  <testcase name="testUpdateUser" classname="api.test.UserTests" time="2.65">
    <system-out><![CDATA[{
    "code": 200,
    "type": "unknown",
    "message": "836427078"
}
{
    "id": 836427078,
    "username": "stacia.jenkins",
    "firstName": "Perry",
    "lastName": "Wolf",
    "email": "jan.lubowitz@example.com",
    "password": "r6q7e",
    "phone": "796.057.0230",
    "userStatus": 0
}
]]></system-out>
  </testcase>
  <testcase name="testdeleteUser" classname="api.test.UserTests" time="1.298"/>
</testsuite>