<?xml version="1.0" encoding="UTF-8"?>
<testng-results ignored="0" total="4" passed="4" failed="0" skipped="0">
  <reporter-output>
  </reporter-output>
  <suite started-at="2025-03-07T06:03:05Z" name="Default suite" finished-at="2025-03-07T06:03:14Z" duration-ms="8522">
    <groups>
    </groups>
    <test started-at="2025-03-07T06:03:05Z" name="Default test" finished-at="2025-03-07T06:03:14Z" duration-ms="8522">
      <class name="api.test.UserTests">
        <test-method is-config="true" signature="setupData()[pri:0, instance:api.test.UserTests@21be3395]" started-at="2025-03-07T06:03:05Z" name="setupData" finished-at="2025-03-07T06:03:06Z" duration-ms="636" status="PASS">
          <reporter-output>
          </reporter-output>
        </test-method> <!-- setupData -->
        <test-method signature="testPostUser()[pri:1, instance:api.test.UserTests@21be3395]" started-at="2025-03-07T06:03:06Z" name="testPostUser" finished-at="2025-03-07T06:03:09Z" duration-ms="2420" status="PASS">
          <reporter-output>
          </reporter-output>
        </test-method> <!-- testPostUser -->
        <test-method signature="testgetUser()[pri:2, instance:api.test.UserTests@21be3395]" started-at="2025-03-07T06:03:09Z" name="testgetUser" finished-at="2025-03-07T06:03:10Z" duration-ms="1418" status="PASS">
          <reporter-output>
          </reporter-output>
        </test-method> <!-- testgetUser -->
        <test-method signature="testUpdateUser()[pri:3, instance:api.test.UserTests@21be3395]" started-at="2025-03-07T06:03:10Z" name="testUpdateUser" finished-at="2025-03-07T06:03:13Z" duration-ms="2699" status="PASS">
          <reporter-output>
          </reporter-output>
        </test-method> <!-- testUpdateUser -->
        <test-method signature="testdeleteUser()[pri:4, instance:api.test.UserTests@21be3395]" started-at="2025-03-07T06:03:13Z" name="testdeleteUser" finished-at="2025-03-07T06:03:14Z" duration-ms="1326" status="PASS">
          <reporter-output>
          </reporter-output>
        </test-method> <!-- testdeleteUser -->
      </class> <!-- api.test.UserTests -->
    </test> <!-- Default test -->
  </suite> <!-- Default suite -->
</testng-results>
